QCloudCosXml/mtaUtils/build/outputs/logs/manifest-merger-release-report.txt
-- Merging decision tree log ---
manifest
ADDED from src/main/AndroidManifest.xml:23:1-36:12
INJECTED from src/main/AndroidManifest.xml:23:1-36:12
INJECTED from src/main/AndroidManifest.xml:23:1-36:12
INJECTED from src/main/AndroidManifest.xml:23:1-36:12
INJECTED from src/main/AndroidManifest.xml:23:1-36:12
INJECTED from src/main/AndroidManifest.xml:23:1-36:12
INJECTED from src/main/AndroidManifest.xml:23:1-36:12
	package
		ADDED from src/main/AndroidManifest.xml:25:5-42
		INJECTED from src/main/AndroidManifest.xml
		INJECTED from src/main/AndroidManifest.xml
	android:versionName
		INJECTED from src/main/AndroidManifest.xml
		ADDED from src/main/AndroidManifest.xml:23:1-36:12
		INJECTED from src/main/AndroidManifest.xml
	xmlns:tools
		ADDED from src/main/AndroidManifest.xml:24:5-51
	android:versionCode
		INJECTED from src/main/AndroidManifest.xml
		ADDED from src/main/AndroidManifest.xml:23:1-36:12
		INJECTED from src/main/AndroidManifest.xml
	xmlns:android
		ADDED from src/main/AndroidManifest.xml:23:11-69
application
ADDED from src/main/AndroidManifest.xml:26:5-35:19
meta-data#TA_APPKEY
ADDED from src/main/AndroidManifest.xml:28:9-30:35
	tools:node
		ADDED from src/main/AndroidManifest.xml:30:13-32
	android:name
		ADDED from src/main/AndroidManifest.xml:29:13-37
meta-data#InstallChannel
ADDED from src/main/AndroidManifest.xml:32:9-34:35
	tools:node
		ADDED from src/main/AndroidManifest.xml:34:13-32
	android:name
		ADDED from src/main/AndroidManifest.xml:33:13-42
uses-sdk
INJECTED from src/main/AndroidManifest.xml reason: use-sdk injection requested
INJECTED from src/main/AndroidManifest.xml
INJECTED from src/main/AndroidManifest.xml
INJECTED from src/main/AndroidManifest.xml
INJECTED from src/main/AndroidManifest.xml
	android:targetSdkVersion
		INJECTED from src/main/AndroidManifest.xml
		ADDED from src/main/AndroidManifest.xml
		INJECTED from src/main/AndroidManifest.xml
	android:minSdkVersion
		INJECTED from src/main/AndroidManifest.xml
		ADDED from src/main/AndroidManifest.xml
		INJECTED from src/main/AndroidManifest.xml